1652729599753	geckodriver	INFO	Listening on 127.0.0.1:60878
1652729602801	mozrunner::runner	INFO	Running command: "C:\\Program Files\\Mozilla Firefox\\firefox.exe" "--marionette" "-no-remote" "-profile" "C:\\Users\\abdie\\AppData\\Local\\Temp\\rust_mozprofileP2GgcX"
1652729603089	Marionette	INFO	Marionette enabled
console.warn: SearchSettings: "get: No settings file exists, new profile?" (new NotFoundError("Could not open the file at C:\\Users\\abdie\\AppData\\Local\\Temp\\rust_mozprofileP2GgcX\\search.json.mozlz4", (void 0)))
1652729604999	Marionette	INFO	Listening on port 60906
Read port: 60906
1652729605106	RemoteAgent	WARN	TLS certificate errors will be ignored for this session
console.warn: LoginRecipes: "getRecipes: falling back to a synchronous message for:" "https://www.google.com"
1652729606329	Marionette	INFO	Stopped listening on port 60906

###!!! [Parent][PGPUParent] Error: RunMessage(msgname=PGPU::Msg_ShutdownVR) Channel closing: too late to send/recv, messages will be lost

1652729785241	geckodriver	INFO	Listening on 127.0.0.1:61077
1652729788318	mozrunner::runner	INFO	Running command: "C:\\Program Files\\Mozilla Firefox\\firefox.exe" "--marionette" "-no-remote" "-profile" "C:\\Users\\abdie\\AppData\\Local\\Temp\\rust_mozprofileiCkIbp"
1652729788562	Marionette	INFO	Marionette enabled
console.warn: SearchSettings: "get: No settings file exists, new profile?" (new NotFoundError("Could not open the file at C:\\Users\\abdie\\AppData\\Local\\Temp\\rust_mozprofileiCkIbp\\search.json.mozlz4", (void 0)))
1652729790271	Marionette	INFO	Listening on port 61104
Read port: 61104
1652729790384	RemoteAgent	WARN	TLS certificate errors will be ignored for this session
console.warn: LoginRecipes: "getRecipes: falling back to a synchronous message for:" "https://www.google.com"
1652729833509	Marionette	INFO	Stopped listening on port 61104

###!!! [Parent][PGPUParent] Error: RunMessage(msgname=PGPU::Msg_ShutdownVR) Channel closing: too late to send/recv, messages will be lost

1652730448034	geckodriver	INFO	Listening on 127.0.0.1:53200
1652730451093	mozrunner::runner	INFO	Running command: "C:\\Program Files\\Mozilla Firefox\\firefox.exe" "--marionette" "-no-remote" "-profile" "C:\\Users\\abdie\\AppData\\Local\\Temp\\rust_mozprofileDiiLDE"
1652730451339	Marionette	INFO	Marionette enabled
console.warn: SearchSettings: "get: No settings file exists, new profile?" (new NotFoundError("Could not open the file at C:\\Users\\abdie\\AppData\\Local\\Temp\\rust_mozprofileDiiLDE\\search.json.mozlz4", (void 0)))
1652730453086	Marionette	INFO	Listening on port 53226
Read port: 53226
1652730453170	RemoteAgent	WARN	TLS certificate errors will be ignored for this session
1652730466431	Marionette	INFO	Stopped listening on port 53226

###!!! [Parent][PGPUParent] Error: RunMessage(msgname=PGPU::Msg_ShutdownVR) Channel closing: too late to send/recv, messages will be lost

1652730843129	geckodriver	INFO	Listening on 127.0.0.1:57114
1652730846186	mozrunner::runner	INFO	Running command: "C:\\Program Files\\Mozilla Firefox\\firefox.exe" "--marionette" "-no-remote" "-profile" "C:\\Users\\abdie\\AppData\\Local\\Temp\\rust_mozprofile9C8Aw2"
1652730846466	Marionette	INFO	Marionette enabled
console.warn: SearchSettings: "get: No settings file exists, new profile?" (new NotFoundError("Could not open the file at C:\\Users\\abdie\\AppData\\Local\\Temp\\rust_mozprofile9C8Aw2\\search.json.mozlz4", (void 0)))
1652730848316	Marionette	INFO	Listening on port 57138
Read port: 57138
1652730848359	RemoteAgent	WARN	TLS certificate errors will be ignored for this session
1652730898270	Marionette	INFO	Stopped listening on port 57138
1652730907676	geckodriver	INFO	Listening on 127.0.0.1:57176
1652730910738	mozrunner::runner	INFO	Running command: "C:\\Program Files\\Mozilla Firefox\\firefox.exe" "--marionette" "-no-remote" "-profile" "C:\\Users\\abdie\\AppData\\Local\\Temp\\rust_mozprofileAnBx1I"
1652730910977	Marionette	INFO	Marionette enabled
console.warn: SearchSettings: "get: No settings file exists, new profile?" (new NotFoundError("Could not open the file at C:\\Users\\abdie\\AppData\\Local\\Temp\\rust_mozprofileAnBx1I\\search.json.mozlz4", (void 0)))
1652730912683	Marionette	INFO	Listening on port 57201
Read port: 57201
1652730912717	RemoteAgent	WARN	TLS certificate errors will be ignored for this session
JavaScript error: resource://gre/modules/AsyncShutdown.jsm, line 575: NotFoundError: No such JSWindowActor 'DevToolsFrame'
1652730972669	Marionette	INFO	Stopped listening on port 57201

###!!! [Parent][PGPUParent] Error: RunMessage(msgname=PGPU::Msg_ShutdownVR) Channel closing: too late to send/recv, messages will be lost

1652731263563	geckodriver	INFO	Listening on 127.0.0.1:57280
1652731266619	mozrunner::runner	INFO	Running command: "C:\\Program Files\\Mozilla Firefox\\firefox.exe" "--marionette" "-no-remote" "-profile" "C:\\Users\\abdie\\AppData\\Local\\Temp\\rust_mozprofilefiohQ3"
1652731266868	Marionette	INFO	Marionette enabled
console.warn: SearchSettings: "get: No settings file exists, new profile?" (new NotFoundError("Could not open the file at C:\\Users\\abdie\\AppData\\Local\\Temp\\rust_mozprofilefiohQ3\\search.json.mozlz4", (void 0)))
1652731268591	Marionette	INFO	Listening on port 57306
Read port: 57306
1652731268693	RemoteAgent	WARN	TLS certificate errors will be ignored for this session
1652731269422	Marionette	INFO	Stopped listening on port 57306

###!!! [Parent][PGPUParent] Error: RunMessage(msgname=PGPU::Msg_ShutdownVR) Channel closing: too late to send/recv, messages will be lost

1652731433296	geckodriver	INFO	Listening on 127.0.0.1:57338
1652731436380	mozrunner::runner	INFO	Running command: "C:\\Program Files\\Mozilla Firefox\\firefox.exe" "--marionette" "-no-remote" "-profile" "C:\\Users\\abdie\\AppData\\Local\\Temp\\rust_mozprofile8qp66A"
1652731436628	Marionette	INFO	Marionette enabled
console.warn: SearchSettings: "get: No settings file exists, new profile?" (new NotFoundError("Could not open the file at C:\\Users\\abdie\\AppData\\Local\\Temp\\rust_mozprofile8qp66A\\search.json.mozlz4", (void 0)))
1652731438311	Marionette	INFO	Listening on port 57362
Read port: 57362
1652731438363	RemoteAgent	WARN	TLS certificate errors will be ignored for this session
1652731439039	Marionette	INFO	Stopped listening on port 57362
console.warn: services.settings: main/partitioning-exempt-urls sync interrupted by shutdown
1652732506896	geckodriver	INFO	Listening on 127.0.0.1:54292
1652732509939	mozrunner::runner	INFO	Running command: "C:\\Program Files\\Mozilla Firefox\\firefox.exe" "--marionette" "-no-remote" "-profile" "C:\\Users\\abdie\\AppData\\Local\\Temp\\rust_mozprofileYNPKWa"
1652732510198	Marionette	INFO	Marionette enabled
console.warn: SearchSettings: "get: No settings file exists, new profile?" (new NotFoundError("Could not open the file at C:\\Users\\abdie\\AppData\\Local\\Temp\\rust_mozprofileYNPKWa\\search.json.mozlz4", (void 0)))
1652732511893	Marionette	INFO	Listening on port 54316
Read port: 54316
1652732512013	RemoteAgent	WARN	TLS certificate errors will be ignored for this session
1652732659494	Marionette	INFO	Stopped listening on port 54316
1652732693694	geckodriver	INFO	Listening on 127.0.0.1:54358
1652732696736	mozrunner::runner	INFO	Running command: "C:\\Program Files\\Mozilla Firefox\\firefox.exe" "--marionette" "-no-remote" "-profile" "C:\\Users\\abdie\\AppData\\Local\\Temp\\rust_mozprofileCZRwU3"
1652732696973	Marionette	INFO	Marionette enabled
console.warn: SearchSettings: "get: No settings file exists, new profile?" (new NotFoundError("Could not open the file at C:\\Users\\abdie\\AppData\\Local\\Temp\\rust_mozprofileCZRwU3\\search.json.mozlz4", (void 0)))
1652732698665	Marionette	INFO	Listening on port 54383
Read port: 54383
1652732698709	RemoteAgent	WARN	TLS certificate errors will be ignored for this session
1652732780131	Marionette	INFO	Stopped listening on port 54383

###!!! [Parent][PGPUParent] Error: RunMessage(msgname=PGPU::Msg_ShutdownVR) Channel closing: too late to send/recv, messages will be lost

\\Users\\abdie\\AppData\\Local\\Temp\\rust_mozprofilep47tjd"
1652732764824	Marionette	INFO	Marionette enabled
console.warn: SearchSettings: "get: No settings file exists, new profile?" (new NotFoundError("Could not open the file at C:\\Users\\abdie\\AppData\\Local\\Temp\\rust_mozprofilep47tjd\\search.json.mozlz4", (void 0)))
1652732766682	Marionette	INFO	Listening on port 54447
Read port: 54447
1652732766753	RemoteAgent	WARN	TLS certificate errors will be ignored for this session
1652732767463	Marionette	INFO	Stopped listening on port 54447

###!!! [Parent][PGPUParent] Error: RunMessage(msgname=PGPU::Msg_ShutdownVR) Channel closing: too late to send/recv, messages will be lost

1652733358967	geckodriver	INFO	Listening on 127.0.0.1:53364
1652733362033	mozrunner::runner	INFO	Running command: "C:\\Program Files\\Mozilla Firefox\\firefox.exe" "--marionette" "-no-remote" "-profile" "C:\\Users\\abdie\\AppData\\Local\\Temp\\rust_mozprofileSWFDds"
1652733362276	Marionette	INFO	Marionette enabled
console.warn: SearchSettings: "get: No settings file exists, new profile?" (new NotFoundError("Could not open the file at C:\\Users\\abdie\\AppData\\Local\\Temp\\rust_mozprofileSWFDds\\search.json.mozlz4", (void 0)))
1652733364015	Marionette	INFO	Listening on port 53390
Read port: 53390
1652733364106	RemoteAgent	WARN	TLS certificate errors will be ignored for this session
1652733365364	Marionette	INFO	Stopped listening on port 53390
1652733431109	geckodriver	INFO	Listening on 127.0.0.1:53423
1652733434166	mozrunner::runner	INFO	Running command: "C:\\Program Files\\Mozilla Firefox\\firefox.exe" "--marionette" "-no-remote" "-profile" "C:\\Users\\abdie\\AppData\\Local\\Temp\\rust_mozprofileGqrRLZ"
1652733434414	Marionette	INFO	Marionette enabled
console.warn: SearchSettings: "get: No settings file exists, new profile?" (new NotFoundError("Could not open the file at C:\\Users\\abdie\\AppData\\Local\\Temp\\rust_mozprofileGqrRLZ\\search.json.mozlz4", (void 0)))
1652733436121	Marionette	INFO	Listening on port 53449
Read port: 53449
1652733436235	RemoteAgent	WARN	TLS certificate errors will be ignored for this session
1652733537483	Marionette	INFO	Stopped listening on port 53449

###!!! [Parent][PGPUParent] Error: RunMessage(msgname=PGPU::Msg_ShutdownVR) Channel closing: too late to send/recv, messages will be lost

1652733570484	geckodriver	INFO	Listening on 127.0.0.1:53489
1652733573538	mozrunner::runner	INFO	Running command: "C:\\Program Files\\Mozilla Firefox\\firefox.exe" "--marionette" "-no-remote" "-profile" "C:\\Users\\abdie\\AppData\\Local\\Temp\\rust_mozprofileiDvrUI"
1652733573819	Marionette	INFO	Marionette enabled
console.warn: SearchSettings: "get: No settings file exists, new profile?" (new NotFoundError("Could not open the file at C:\\Users\\abdie\\AppData\\Local\\Temp\\rust_mozprofileiDvrUI\\search.json.mozlz4", (void 0)))
1652733575611	Marionette	INFO	Listening on port 53514
Read port: 53514
1652733575720	RemoteAgent	WARN	TLS certificate errors will be ignored for this session
1652733576413	Marionette	INFO	Stopped listening on port 53514
console.warn: services.settings: main/partitioning-exempt-urls sync interrupted by shutdown
1652733588168	geckodriver	INFO	Listening on 127.0.0.1:53547
1652733591230	mozrunner::runner	INFO	Running command: "C:\\Program Files\\Mozilla Firefox\\firefox.exe" "--marionette" "-no-remote" "-profile" "C:\\Users\\abdie\\AppData\\Local\\Temp\\rust_mozprofile0caxe3"
1652733591480	Marionette	INFO	Marionette enabled
console.warn: SearchSettings: "get: No settings file exists, new profile?" (new NotFoundError("Could not open the file at C:\\Users\\abdie\\AppData\\Local\\Temp\\rust_mozprofile0caxe3\\search.json.mozlz4", (void 0)))
1652733593175	Marionette	INFO	Listening on port 53571
Read port: 53571
1652733593198	RemoteAgent	WARN	TLS certificate errors will be ignored for this session
1652733613944	Marionette	INFO	Stopped listening on port 53571
console.warn: services.settings: main/partitioning-exempt-urls sync interrupted by shutdown

###!!! [Parent][PGPUParent] Error: RunMessage(msgname=PGPU::Msg_ShutdownVR) Channel closing: too late to send/recv, messages will be lost

1652733639983	geckodriver	INFO	Listening on 127.0.0.1:53608
1652733643039	mozrunner::runner	INFO	Running command: "C:\\Program Files\\Mozilla Firefox\\firefox.exe" "--marionette" "-no-remote" "-profile" "C:\\Users\\abdie\\AppData\\Local\\Temp\\rust_mozprofilezuxoyP"
1652733643276	Marionette	INFO	Marionette enabled
console.warn: SearchSettings: "get: No settings file exists, new profile?" (new NotFoundError("Could not open the file at C:\\Users\\abdie\\AppData\\Local\\Temp\\rust_mozprofilezuxoyP\\search.json.mozlz4", (void 0)))
1652733644919	Marionette	INFO	Listening on port 53633
Read port: 53633
1652733645012	RemoteAgent	WARN	TLS certificate errors will be ignored for this session
1652733673459	Marionette	INFO	Stopped listening on port 53633
JavaScript error: chrome://remote/content/marionette/cert.js, line 55: NS_ERROR_NOT_AVAILABLE: Component returned failure code: 0x80040111 (NS_ERROR_NOT_AVAILABLE) [nsICertOverrideService.setDisableAllSecurityChecksAndLetAttackersInterceptMyData]

###!!! [Parent][PGPUParent] Error: RunMessage(msgname=PGPU::Msg_ShutdownVR) Channel closing: too late to send/recv, messages will be lost

1652733699185	geckodriver	INFO	Listening on 127.0.0.1:53669
1652733702255	mozrunner::runner	INFO	Running command: "C:\\Program Files\\Mozilla Firefox\\firefox.exe" "--marionette" "-no-remote" "-profile" "C:\\Users\\abdie\\AppData\\Local\\Temp\\rust_mozprofileoWDsKO"
1652733702503	Marionette	INFO	Marionette enabled
console.warn: SearchSettings: "get: No settings file exists, new profile?" (new NotFoundError("Could not open the file at C:\\Users\\abdie\\AppData\\Local\\Temp\\rust_mozprofileoWDsKO\\search.json.mozlz4", (void 0)))
1652733704156	Marionette	INFO	Listening on port 53694
Read port: 53694
1652733704225	RemoteAgent	WARN	TLS certificate errors will be ignored for this session
1652733744970	Marionette	INFO	Stopped listening on port 53694
1652733985015	geckodriver	INFO	Listening on 127.0.0.1:63457
1652733988083	mozrunner::runner	INFO	Running command: "C:\\Program Files\\Mozilla Firefox\\firefox.exe" "--marionette" "-no-remote" "-profile" "C:\\Users\\abdie\\AppData\\Local\\Temp\\rust_mozprofile48LwOc"
1652733988319	Marionette	INFO	Marionette enabled
console.warn: SearchSettings: "get: No settings file exists, new profile?" (new NotFoundError("Could not open the file at C:\\Users\\abdie\\AppData\\Local\\Temp\\rust_mozprofile48LwOc\\search.json.mozlz4", (void 0)))
1652733990071	Marionette	INFO	Listening on port 63482
Read port: 63482
1652733990144	RemoteAgent	WARN	TLS certificate errors will be ignored for this session
1652733991426	Marionette	INFO	Stopped listening on port 63482

###!!! [Parent][PGPUParent] Error: RunMessage(msgname=PGPU::Msg_ShutdownVR) Channel closing: too late to send/recv, messages will be lost

1652735380947	geckodriver	INFO	Listening on 127.0.0.1:50698
1652735384004	mozrunner::runner	INFO	Running command: "C:\\Program Files\\Mozilla Firefox\\firefox.exe" "--marionette" "-no-remote" "-profile" "C:\\Users\\abdie\\AppData\\Local\\Temp\\rust_mozprofileOmOCJ7"
1652735384250	Marionette	INFO	Marionette enabled
console.warn: SearchSettings: "get: No settings file exists, new profile?" (new NotFoundError("Could not open the file at C:\\Users\\abdie\\AppData\\Local\\Temp\\rust_mozprofileOmOCJ7\\search.json.mozlz4", (void 0)))
1652735385933	Marionette	INFO	Listening on port 50723
Read port: 50723
1652735386064	RemoteAgent	WARN	TLS certificate errors will be ignored for this session
1652735386801	Marionette	INFO	Stopped listening on port 50723
console.warn: services.settings: main/partitioning-exempt-urls sync interrupted by shutdown

###!!! [Parent][PGPUParent] Error: RunMessage(msgname=PGPU::Msg_ShutdownVR) Channel closing: too late to send/recv, messages will be lost

1652735387335	geckodriver	INFO	Listening on 127.0.0.1:50753
1652735390373	mozrunner::runner	INFO	Running command: "C:\\Program Files\\Mozilla Firefox\\firefox.exe" "--marionette" "-no-remote" "-profile" "C:\\Users\\abdie\\AppData\\Local\\Temp\\rust_mozprofileSNtBgY"
1652735390620	Marionette	INFO	Marionette enabled
console.warn: SearchSettings: "get: No settings file exists, new profile?" (new NotFoundError("Could not open the file at C:\\Users\\abdie\\AppData\\Local\\Temp\\rust_mozprofileSNtBgY\\search.json.mozlz4", (void 0)))
1652735392284	Marionette	INFO	Listening on port 50778
Read port: 50778
1652735392333	RemoteAgent	WARN	TLS certificate errors will be ignored for this session
1652735393081	Marionette	INFO	Stopped listening on port 50778
console.warn: services.settings: main/partitioning-exempt-urls sync interrupted by shutdown

###!!! [Parent][PGPUParent] Error: RunMessage(msgname=PGPU::Msg_ShutdownVR) Channel closing: too late to send/recv, messages will be lost

1652735521039	geckodriver	INFO	Listening on 127.0.0.1:50836
1652735524086	mozrunner::runner	INFO	Running command: "C:\\Program Files\\Mozilla Firefox\\firefox.exe" "--marionette" "-no-remote" "-profile" "C:\\Users\\abdie\\AppData\\Local\\Temp\\rust_mozprofile4QhX2n"
1652735524328	Marionette	INFO	Marionette enabled
console.warn: SearchSettings: "get: No settings file exists, new profile?" (new NotFoundError("Could not open the file at C:\\Users\\abdie\\AppData\\Local\\Temp\\rust_mozprofile4QhX2n\\search.json.mozlz4", (void 0)))
1652735526263	Marionette	INFO	Listening on port 50864
Read port: 50864
1652735526353	RemoteAgent	WARN	TLS certificate errors will be ignored for this session
1652735526997	Marionette	INFO	Stopped listening on port 50864
JavaScript error: resource://gre/modules/UrlClassifierListManager.jsm, line 691: TypeError: this.tablesData[table] is undefined

###!!! [Child][PContentChild] Error: RunMessage(msgname=PHttpChannel::Msg_DeleteSelf) Channel closing: too late to send/recv, messages will be lost


###!!! [Parent][PGPUParent] Error: RunMessage(msgname=PGPU::Msg_ShutdownVR) Channel closing: too late to send/recv, messages will be lost

1652735527548	geckodriver	INFO	Listening on 127.0.0.1:50889
1652735530625	mozrunner::runner	INFO	Running command: "C:\\Program Files\\Mozilla Firefox\\firefox.exe" "--marionette" "-no-remote" "-profile" "C:\\Users\\abdie\\AppData\\Local\\Temp\\rust_mozprofilepm1UMb"
1652735530863	Marionette	INFO	Marionette enabled
console.warn: SearchSettings: "get: No settings file exists, new profile?" (new NotFoundError("Could not open the file at C:\\Users\\abdie\\AppData\\Local\\Temp\\rust_mozprofilepm1UMb\\search.json.mozlz4", (void 0)))
1652735532508	Marionette	INFO	Listening on port 50915
Read port: 50915
1652735532594	RemoteAgent	WARN	TLS certificate errors will be ignored for this session
1652735553835	Marionette	INFO	Stopped listening on port 50915

###!!! [Parent][PGPUParent] Error: RunMessage(msgname=PGPU::Msg_ShutdownVR) Channel closing: too late to send/recv, messages will be lost

1652735795242	geckodriver	INFO	Listening on 127.0.0.1:50963
1652735798321	mozrunner::runner	INFO	Running command: "C:\\Program Files\\Mozilla Firefox\\firefox.exe" "--marionette" "-no-remote" "-profile" "C:\\Users\\abdie\\AppData\\Local\\Temp\\rust_mozprofilebONnNv"
1652735798574	Marionette	INFO	Marionette enabled
console.warn: SearchSettings: "get: No settings file exists, new profile?" (new NotFoundError("Could not open the file at C:\\Users\\abdie\\AppData\\Local\\Temp\\rust_mozprofilebONnNv\\search.json.mozlz4", (void 0)))
1652735800265	Marionette	INFO	Listening on port 50988
Read port: 50988
1652735800382	RemoteAgent	WARN	TLS certificate errors will be ignored for this session
1652735822819	Marionette	INFO	Stopped listening on port 50988
[Parent 9640, IPC I/O Parent] WARNING: file /builds/worker/checkouts/gecko/ipc/chromium/src/base/process_util_win.cc:167

###!!! [Parent][PGPUParent] Error: RunMessage(msgname=PGPU::Msg_ShutdownVR) Channel closing: too late to send/recv, messages will be lost

1652735823326	geckodriver	INFO	Listening on 127.0.0.1:51027
1652735826360	mozrunner::runner	INFO	Running command: "C:\\Program Files\\Mozilla Firefox\\firefox.exe" "--marionette" "-no-remote" "-profile" "C:\\Users\\abdie\\AppData\\Local\\Temp\\rust_mozprofileEhQVNF"
1652735826619	Marionette	INFO	Marionette enabled
console.warn: SearchSettings: "get: No settings file exists, new profile?" (new NotFoundError("Could not open the file at C:\\Users\\abdie\\AppData\\Local\\Temp\\rust_mozprofileEhQVNF\\search.json.mozlz4", (void 0)))
1652735828292	Marionette	INFO	Listening on port 51051
Read port: 51051
1652735828342	RemoteAgent	WARN	TLS certificate errors will be ignored for this session
1652735849102	Marionette	INFO	Stopped listening on port 51051
[Parent 1968, IPC I/O Parent] WARNING: file /builds/worker/checkouts/gecko/ipc/chromium/src/base/process_util_win.cc:167

###!!! [Parent][PGPUParent] Error: RunMessage(msgname=PGPU::Msg_ShutdownVR) Channel closing: too late to send/recv, messages will be lost

1652739003099	geckodriver	INFO	Listening on 127.0.0.1:53023
1652739006152	mozrunner::runner	INFO	Running command: "C:\\Program Files\\Mozilla Firefox\\firefox.exe" "--marionette" "-no-remote" "-profile" "C:\\Users\\abdie\\AppData\\Local\\Temp\\rust_mozprofilezER36a"
1652739006427	Marionette	INFO	Marionette enabled
console.warn: SearchSettings: "get: No settings file exists, new profile?" (new NotFoundError("Could not open the file at C:\\Users\\abdie\\AppData\\Local\\Temp\\rust_mozprofilezER36a\\search.json.mozlz4", (void 0)))
1652739008226	Marionette	INFO	Listening on port 53049
Read port: 53049
1652739008328	RemoteAgent	WARN	TLS certificate errors will be ignored for this session
1652739031917	Marionette	INFO	Stopped listening on port 53049

###!!! [Parent][PGPUParent] Error: RunMessage(msgname=PGPU::Msg_ShutdownVR) Channel closing: too late to send/recv, messages will be lost

1652739057580	geckodriver	INFO	Listening on 127.0.0.1:53098
1652739060627	mozrunner::runner	INFO	Running command: "C:\\Program Files\\Mozilla Firefox\\firefox.exe" "--marionette" "-no-remote" "-profile" "C:\\Users\\abdie\\AppData\\Local\\Temp\\rust_mozprofileO4J5n3"
1652739060891	Marionette	INFO	Marionette enabled
console.warn: SearchSettings: "get: No settings file exists, new profile?" (new NotFoundError("Could not open the file at C:\\Users\\abdie\\AppData\\Local\\Temp\\rust_mozprofileO4J5n3\\search.json.mozlz4", (void 0)))
1652739062635	Marionette	INFO	Listening on port 53126
Read port: 53126
1652739062719	RemoteAgent	WARN	TLS certificate errors will be ignored for this session
1652739096537	Marionette	INFO	Stopped listening on port 53126

###!!! [Parent][PGPUParent] Error: RunMessage(msgname=PGPU::Msg_ShutdownVR) Channel closing: too late to send/recv, messages will be lost

1652739106799	geckodriver	INFO	Listening on 127.0.0.1:53171
1652739109841	mozrunner::runner	INFO	Running command: "C:\\Program Files\\Mozilla Firefox\\firefox.exe" "--marionette" "-no-remote" "-profile" "C:\\Users\\abdie\\AppData\\Local\\Temp\\rust_mozprofiler2VYwa"
1652739110076	Marionette	INFO	Marionette enabled
console.warn: SearchSettings: "get: No settings file exists, new profile?" (new NotFoundError("Could not open the file at C:\\Users\\abdie\\AppData\\Local\\Temp\\rust_mozprofiler2VYwa\\search.json.mozlz4", (void 0)))
1652739111930	Marionette	INFO	Listening on port 53197
Read port: 53197
1652739112014	RemoteAgent	WARN	TLS certificate errors will be ignored for this session
1652739145031	Marionette	INFO	Stopped listening on port 53197

###!!! [Parent][PGPUParent] Error: RunMessage(msgname=PGPU::Msg_ShutdownVR) Channel closing: too late to send/recv, messages will be lost

1652739145638	geckodriver	INFO	Listening on 127.0.0.1:53234
1652739148697	mozrunner::runner	INFO	Running command: "C:\\Program Files\\Mozilla Firefox\\firefox.exe" "--marionette" "-no-remote" "-profile" "C:\\Users\\abdie\\AppData\\Local\\Temp\\rust_mozprofile6a5g8S"
1652739148971	Marionette	INFO	Marionette enabled
console.warn: SearchSettings: "get: No settings file exists, new profile?" (new NotFoundError("Could not open the file at C:\\Users\\abdie\\AppData\\Local\\Temp\\rust_mozprofile6a5g8S\\search.json.mozlz4", (void 0)))
1652739150943	Marionette	INFO	Listening on port 53258
Read port: 53258
1652739150994	RemoteAgent	WARN	TLS certificate errors will be ignored for this session
1652739172257	Marionette	INFO	Stopped listening on port 53258

###!!! [Parent][PGPUParent] Error: RunMessage(msgname=PGPU::Msg_ShutdownVR) Channel closing: too late to send/recv, messages will be lost

1652745198094	geckodriver	INFO	Listening on 127.0.0.1:56209
1652745201185	mozrunner::runner	INFO	Running command: "C:\\Program Files\\Mozilla Firefox\\firefox.exe" "--marionette" "-no-remote" "-profile" "C:\\Users\\abdie\\AppData\\Local\\Temp\\rust_mozprofileCOoswT"
1652745201426	Marionette	INFO	Marionette enabled
console.warn: SearchSettings: "get: No settings file exists, new profile?" (new NotFoundError("Could not open the file at C:\\Users\\abdie\\AppData\\Local\\Temp\\rust_mozprofileCOoswT\\search.json.mozlz4", (void 0)))
1652745203086	Marionette	INFO	Listening on port 56239
Read port: 56239
1652745203170	RemoteAgent	WARN	TLS certificate errors will be ignored for this session
1652745215832	Marionette	INFO	Stopped listening on port 56239

###!!! [Parent][PGPUParent] Error: RunMessage(msgname=PGPU::Msg_ShutdownVR) Channel closing: too late to send/recv, messages will be lost

1652745303444	geckodriver	INFO	Listening on 127.0.0.1:56491
1652745306489	mozrunner::runner	INFO	Running command: "C:\\Program Files\\Mozilla Firefox\\firefox.exe" "--marionette" "-no-remote" "-profile" "C:\\Users\\abdie\\AppData\\Local\\Temp\\rust_mozprofile9AUQEy"
1652745306732	Marionette	INFO	Marionette enabled
console.warn: SearchSettings: "get: No settings file exists, new profile?" (new NotFoundError("Could not open the file at C:\\Users\\abdie\\AppData\\Local\\Temp\\rust_mozprofile9AUQEy\\search.json.mozlz4", (void 0)))
1652745308504	Marionette	INFO	Listening on port 56529
Read port: 56529
1652745308560	RemoteAgent	WARN	TLS certificate errors will be ignored for this session
1652745311181	Marionette	INFO	Stopped listening on port 56529

###!!! [Child][PContentChild] Error: RunMessage(msgname=PHttpChannel::Msg_DeleteSelf) Channel closing: too late to send/recv, messages will be lost


###!!! [Parent][PGPUParent] Error: RunMessage(msgname=PGPU::Msg_ShutdownVR) Channel closing: too late to send/recv, messages will be lost

1652745321853	geckodriver	INFO	Listening on 127.0.0.1:56592
1652745324926	mozrunner::runner	INFO	Running command: "C:\\Program Files\\Mozilla Firefox\\firefox.exe" "--marionette" "-no-remote" "-profile" "C:\\Users\\abdie\\AppData\\Local\\Temp\\rust_mozprofileECas0Q"
1652745325155	Marionette	INFO	Marionette enabled
console.warn: SearchSettings: "get: No settings file exists, new profile?" (new NotFoundError("Could not open the file at C:\\Users\\abdie\\AppData\\Local\\Temp\\rust_mozprofileECas0Q\\search.json.mozlz4", (void 0)))
1652745326860	Marionette	INFO	Listening on port 56623
Read port: 56623
1652745326914	RemoteAgent	WARN	TLS certificate errors will be ignored for this session
1652745339519	Marionette	INFO	Stopped listening on port 56623
1652745619603	geckodriver	INFO	Listening on 127.0.0.1:57241
1652745622638	mozrunner::runner	INFO	Running command: "C:\\Program Files\\Mozilla Firefox\\firefox.exe" "--marionette" "-no-remote" "-profile" "C:\\Users\\abdie\\AppData\\Local\\Temp\\rust_mozprofileYkOrMT"
1652745622879	Marionette	INFO	Marionette enabled
console.warn: SearchSettings: "get: No settings file exists, new profile?" (new NotFoundError("Could not open the file at C:\\Users\\abdie\\AppData\\Local\\Temp\\rust_mozprofileYkOrMT\\search.json.mozlz4", (void 0)))
1652745624505	Marionette	INFO	Listening on port 57279
Read port: 57279
1652745624616	RemoteAgent	WARN	TLS certificate errors will be ignored for this session
1652745627433	Marionette	INFO	Stopped listening on port 57279

###!!! [Parent][PGPUParent] Error: RunMessage(msgname=PGPU::Msg_ShutdownVR) Channel closing: too late to send/recv, messages will be lost

1652745628014	geckodriver	INFO	Listening on 127.0.0.1:57328
1652745631063	mozrunner::runner	INFO	Running command: "C:\\Program Files\\Mozilla Firefox\\firefox.exe" "--marionette" "-no-remote" "-profile" "C:\\Users\\abdie\\AppData\\Local\\Temp\\rust_mozprofilemPuQEg"
1652745631296	Marionette	INFO	Marionette enabled
console.warn: SearchSettings: "get: No settings file exists, new profile?" (new NotFoundError("Could not open the file at C:\\Users\\abdie\\AppData\\Local\\Temp\\rust_mozprofilemPuQEg\\search.json.mozlz4", (void 0)))
1652745632894	Marionette	INFO	Listening on port 57366
Read port: 57366
1652745632934	RemoteAgent	WARN	TLS certificate errors will be ignored for this session
1652745633698	Marionette	INFO	Stopped listening on port 57366

###!!! [Parent][PGPUParent] Error: RunMessage(msgname=PGPU::Msg_ShutdownVR) Channel closing: too late to send/recv, messages will be lost

1652745819362	geckodriver	INFO	Listening on 127.0.0.1:57763
1652745822437	mozrunner::runner	INFO	Running command: "C:\\Program Files\\Mozilla Firefox\\firefox.exe" "--marionette" "-no-remote" "-profile" "C:\\Users\\abdie\\AppData\\Local\\Temp\\rust_mozprofile7W2Z9E"
1652745822668	Marionette	INFO	Marionette enabled
console.warn: SearchSettings: "get: No settings file exists, new profile?" (new NotFoundError("Could not open the file at C:\\Users\\abdie\\AppData\\Local\\Temp\\rust_mozprofile7W2Z9E\\search.json.mozlz4", (void 0)))
1652745824228	Marionette	INFO	Listening on port 57799
Read port: 57799
1652745824307	RemoteAgent	WARN	TLS certificate errors will be ignored for this session
1652745827560	Marionette	INFO	Stopped listening on port 57799

###!!! [Child][PContentChild] Error: Send(msgname=PHttpChannel::Msg___delete__) Channel closing: too late to send/recv, messages will be lost


###!!! [Parent][PGPUParent] Error: RunMessage(msgname=PGPU::Msg_ShutdownVR) Channel closing: too late to send/recv, messages will be lost

1652745828039	geckodriver	INFO	Listening on 127.0.0.1:57851
1652745831106	mozrunner::runner	INFO	Running command: "C:\\Program Files\\Mozilla Firefox\\firefox.exe" "--marionette" "-no-remote" "-profile" "C:\\Users\\abdie\\AppData\\Local\\Temp\\rust_mozprofileVMYaAU"
1652745831336	Marionette	INFO	Marionette enabled
console.warn: SearchSettings: "get: No settings file exists, new profile?" (new NotFoundError("Could not open the file at C:\\Users\\abdie\\AppData\\Local\\Temp\\rust_mozprofileVMYaAU\\search.json.mozlz4", (void 0)))
1652745833142	Marionette	INFO	Listening on port 57877
Read port: 57877
1652745833205	RemoteAgent	WARN	TLS certificate errors will be ignored for this session
1652745834449	Marionette	INFO	Stopped listening on port 57877

###!!! [Parent][PGPUParent] Error: RunMessage(msgname=PGPU::Msg_ShutdownVR) Channel closing: too late to send/recv, messages will be lost

1652746214610	geckodriver	INFO	Listening on 127.0.0.1:58708
1652746217679	mozrunner::runner	INFO	Running command: "C:\\Program Files\\Mozilla Firefox\\firefox.exe" "--marionette" "-no-remote" "-profile" "C:\\Users\\abdie\\AppData\\Local\\Temp\\rust_mozprofile8HiEYB"
1652746217914	Marionette	INFO	Marionette enabled
console.warn: SearchSettings: "get: No settings file exists, new profile?" (new NotFoundError("Could not open the file at C:\\Users\\abdie\\AppData\\Local\\Temp\\rust_mozprofile8HiEYB\\search.json.mozlz4", (void 0)))
1652746219511	Marionette	INFO	Listening on port 58745
Read port: 58745
1652746219550	RemoteAgent	WARN	TLS certificate errors will be ignored for this session
1652746222433	Marionette	INFO	Stopped listening on port 58745
1652746222924	geckodriver	INFO	Listening on 127.0.0.1:58786
1652746225998	mozrunner::runner	INFO	Running command: "C:\\Program Files\\Mozilla Firefox\\firefox.exe" "--marionette" "-no-remote" "-profile" "C:\\Users\\abdie\\AppData\\Local\\Temp\\rust_mozprofileKrtEY1"
1652746226263	Marionette	INFO	Marionette enabled
console.warn: SearchSettings: "get: No settings file exists, new profile?" (new NotFoundError("Could not open the file at C:\\Users\\abdie\\AppData\\Local\\Temp\\rust_mozprofileKrtEY1\\search.json.mozlz4", (void 0)))
1652746227905	Marionette	INFO	Listening on port 58825
Read port: 58825
1652746227989	RemoteAgent	WARN	TLS certificate errors will be ignored for this session
1652746228753	Marionette	INFO	Stopped listening on port 58825
console.warn: services.settings: main/partitioning-exempt-urls sync interrupted by shutdown

###!!! [Parent][PGPUParent] Error: RunMessage(msgname=PGPU::Msg_ShutdownVR) Channel closing: too late to send/recv, messages will be lost

1652747502111	geckodriver	INFO	Listening on 127.0.0.1:56215
1652747505185	mozrunner::runner	INFO	Running command: "C:\\Program Files\\Mozilla Firefox\\firefox.exe" "--marionette" "-no-remote" "-profile" "C:\\Users\\abdie\\AppData\\Local\\Temp\\rust_mozprofile1LSEKU"
1652747505417	Marionette	INFO	Marionette enabled
console.warn: SearchSettings: "get: No settings file exists, new profile?" (new NotFoundError("Could not open the file at C:\\Users\\abdie\\AppData\\Local\\Temp\\rust_mozprofile1LSEKU\\search.json.mozlz4", (void 0)))
1652747507036	Marionette	INFO	Listening on port 56239
Read port: 56239
1652747507068	RemoteAgent	WARN	TLS certificate errors will be ignored for this session
1652747520474	Marionette	INFO	Stopped listening on port 56239

###!!! [Parent][PGPUParent] Error: RunMessage(msgname=PGPU::Msg_ShutdownVR) Channel closing: too late to send/recv, messages will be lost

1652747613374	geckodriver	INFO	Listening on 127.0.0.1:56287
1652747616437	mozrunner::runner	INFO	Running command: "C:\\Program Files\\Mozilla Firefox\\firefox.exe" "--marionette" "-no-remote" "-profile" "C:\\Users\\abdie\\AppData\\Local\\Temp\\rust_mozprofilelukYUS"
1652747616667	Marionette	INFO	Marionette enabled
console.warn: SearchSettings: "get: No settings file exists, new profile?" (new NotFoundError("Could not open the file at C:\\Users\\abdie\\AppData\\Local\\Temp\\rust_mozprofilelukYUS\\search.json.mozlz4", (void 0)))
1652747618397	Marionette	INFO	Listening on port 56311
Read port: 56311
1652747618514	RemoteAgent	WARN	TLS certificate errors will be ignored for this session
1652747632326	Marionette	INFO	Stopped listening on port 56311

###!!! [Parent][PGPUParent] Error: RunMessage(msgname=PGPU::Msg_ShutdownVR) Channel closing: too late to send/recv, messages will be lost

1652747654326	geckodriver	INFO	Listening on 127.0.0.1:56350
1652747657387	mozrunner::runner	INFO	Running command: "C:\\Program Files\\Mozilla Firefox\\firefox.exe" "--marionette" "-no-remote" "-profile" "C:\\Users\\abdie\\AppData\\Local\\Temp\\rust_mozprofileVfeDAU"
1652747657616	Marionette	INFO	Marionette enabled
console.warn: SearchSettings: "get: No settings file exists, new profile?" (new NotFoundError("Could not open the file at C:\\Users\\abdie\\AppData\\Local\\Temp\\rust_mozprofileVfeDAU\\search.json.mozlz4", (void 0)))
1652747659246	Marionette	INFO	Listening on port 56375
Read port: 56375
1652747659379	RemoteAgent	WARN	TLS certificate errors will be ignored for this session
console.warn: LoginRecipes: "getRecipes: falling back to a synchronous message for:" "https://qa-task.backbasecloud.com"
console.warn: LoginRecipes: "getRecipes: falling back to a synchronous message for:" "https://qa-task.backbasecloud.com"
JavaScript error: resource://gre/modules/LoginManagerParent.jsm, line 136: TypeError: gRecipeManager is null
1652747672986	Marionette	INFO	Stopped listening on port 56375

###!!! [Parent][PGPUParent] Error: RunMessage(msgname=PGPU::Msg_ShutdownVR) Channel closing: too late to send/recv, messages will be lost

1652747981707	geckodriver	INFO	Listening on 127.0.0.1:56486
1652747984779	mozrunner::runner	INFO	Running command: "C:\\Program Files\\Mozilla Firefox\\firefox.exe" "--marionette" "-no-remote" "-profile" "C:\\Users\\abdie\\AppData\\Local\\Temp\\rust_mozprofileSBEVnd"
1652747985018	Marionette	INFO	Marionette enabled
console.warn: SearchSettings: "get: No settings file exists, new profile?" (new NotFoundError("Could not open the file at C:\\Users\\abdie\\AppData\\Local\\Temp\\rust_mozprofileSBEVnd\\search.json.mozlz4", (void 0)))
1652747986643	Marionette	INFO	Listening on port 56511
Read port: 56511
1652747986757	RemoteAgent	WARN	TLS certificate errors will be ignored for this session
1652748000087	Marionette	INFO	Stopped listening on port 56511

###!!! [Parent][PGPUParent] Error: RunMessage(msgname=PGPU::Msg_ShutdownVR) Channel closing: too late to send/recv, messages will be lost

1652748142855	geckodriver	INFO	Listening on 127.0.0.1:56591
1652748145928	mozrunner::runner	INFO	Running command: "C:\\Program Files\\Mozilla Firefox\\firefox.exe" "--marionette" "-no-remote" "-profile" "C:\\Users\\abdie\\AppData\\Local\\Temp\\rust_mozprofilehM8Lxt"
1652748146155	Marionette	INFO	Marionette enabled
console.warn: SearchSettings: "get: No settings file exists, new profile?" (new NotFoundError("Could not open the file at C:\\Users\\abdie\\AppData\\Local\\Temp\\rust_mozprofilehM8Lxt\\search.json.mozlz4", (void 0)))
1652748147792	Marionette	INFO	Listening on port 56615
Read port: 56615
1652748147900	RemoteAgent	WARN	TLS certificate errors will be ignored for this session
1652748161123	Marionette	INFO	Stopped listening on port 56615

###!!! [Parent][PGPUParent] Error: RunMessage(msgname=PGPU::Msg_ShutdownVR) Channel closing: too late to send/recv, messages will be lost

1652748226653	geckodriver	INFO	Listening on 127.0.0.1:56657
1652748229733	mozrunner::runner	INFO	Running command: "C:\\Program Files\\Mozilla Firefox\\firefox.exe" "--marionette" "-no-remote" "-profile" "C:\\Users\\abdie\\AppData\\Local\\Temp\\rust_mozprofile4PPHBB"
1652748229962	Marionette	INFO	Marionette enabled
console.warn: SearchSettings: "get: No settings file exists, new profile?" (new NotFoundError("Could not open the file at C:\\Users\\abdie\\AppData\\Local\\Temp\\rust_mozprofile4PPHBB\\search.json.mozlz4", (void 0)))
1652748231703	Marionette	INFO	Listening on port 56682
Read port: 56682
1652748231820	RemoteAgent	WARN	TLS certificate errors will be ignored for this session
console.warn: LoginRecipes: "getRecipes: falling back to a synchronous message for:" "https://qa-task.backbasecloud.com"
console.warn: LoginRecipes: "getRecipes: falling back to a synchronous message for:" "https://qa-task.backbasecloud.com"
JavaScript error: resource://gre/modules/LoginManagerParent.jsm, line 136: TypeError: gRecipeManager is null
1652748244894	Marionette	INFO	Stopped listening on port 56682

###!!! [Parent][PGPUParent] Error: RunMessage(msgname=PGPU::Msg_ShutdownVR) Channel closing: too late to send/recv, messages will be lost

1652749359347	geckodriver	INFO	Listening on 127.0.0.1:56804
1652749362398	mozrunner::runner	INFO	Running command: "C:\\Program Files\\Mozilla Firefox\\firefox.exe" "--marionette" "-no-remote" "-profile" "C:\\Users\\abdie\\AppData\\Local\\Temp\\rust_mozprofilebdwyn0"
1652749362625	Marionette	INFO	Marionette enabled
console.warn: SearchSettings: "get: No settings file exists, new profile?" (new NotFoundError("Could not open the file at C:\\Users\\abdie\\AppData\\Local\\Temp\\rust_mozprofilebdwyn0\\search.json.mozlz4", (void 0)))
1652749364262	Marionette	INFO	Listening on port 56829
Read port: 56829
1652749364384	RemoteAgent	WARN	TLS certificate errors will be ignored for this session
console.warn: LoginRecipes: "getRecipes: falling back to a synchronous message for:" "https://qa-task.backbasecloud.com"
console.warn: LoginRecipes: "getRecipes: falling back to a synchronous message for:" "https://qa-task.backbasecloud.com"
JavaScript error: resource://gre/modules/LoginManagerParent.jsm, line 136: TypeError: gRecipeManager is null
1652749418538	Marionette	INFO	Stopped listening on port 56829

###!!! [Parent][PGPUParent] Error: RunMessage(msgname=PGPU::Msg_ShutdownVR) Channel closing: too late to send/recv, messages will be lost

1652749428549	geckodriver	INFO	Listening on 127.0.0.1:56869
1652749431626	mozrunner::runner	INFO	Running command: "C:\\Program Files\\Mozilla Firefox\\firefox.exe" "--marionette" "-no-remote" "-profile" "C:\\Users\\abdie\\AppData\\Local\\Temp\\rust_mozprofile57ooKc"
1652749431848	Marionette	INFO	Marionette enabled
console.warn: SearchSettings: "get: No settings file exists, new profile?" (new NotFoundError("Could not open the file at C:\\Users\\abdie\\AppData\\Local\\Temp\\rust_mozprofile57ooKc\\search.json.mozlz4", (void 0)))
1652749433461	Marionette	INFO	Listening on port 56893
Read port: 56893
1652749433504	RemoteAgent	WARN	TLS certificate errors will be ignored for this session
console.warn: LoginRecipes: "getRecipes: falling back to a synchronous message for:" "https://qa-task.backbasecloud.com"
1652749437119	Marionette	INFO	Stopped listening on port 56893
console.warn: LoginRecipes: "getRecipes: falling back to a synchronous message for:" "https://qa-task.backbasecloud.com"
JavaScript error: resource://gre/modules/LoginManagerParent.jsm, line 136: TypeError: gRecipeManager is null

###!!! [Child][PContentChild] Error: RunMessage(msgname=PContent::Reply_DiscardBrowsingContext) Channel closing: too late to send/recv, messages will be lost


###!!! [Child][PContentChild] Error: RunMessage(msgname=PHttpChannel::Msg_FailedAsyncOpen) Channel closing: too late to send/recv, messages will be lost


###!!! [Child][PContentChild] Error: RunMessage(msgname=PHttpChannel::Msg_FailedAsyncOpen) Channel closing: too late to send/recv, messages will be lost


###!!! [Child][PContentChild] Error: RunMessage(msgname=PHttpChannel::Msg_FailedAsyncOpen) Channel closing: too late to send/recv, messages will be lost


###!!! [Child][PContentChild] Error: RunMessage(msgname=PHttpChannel::Msg_FailedAsyncOpen) Channel closing: too late to send/recv, messages will be lost


###!!! [Child][PContentChild] Error: RunMessage(msgname=PContent::Reply_DiscardBrowsingContext) Channel closing: too late to send/recv, messages will be lost


###!!! [Child][PContentChild] Error: RunMessage(msgname=PHttpChannel::Msg_DeleteSelf) Channel closing: too late to send/recv, messages will be lost


###!!! [Child][PContentChild] Error: RunMessage(msgname=PHttpChannel::Msg_DeleteSelf) Channel closing: too late to send/recv, messages will be lost


###!!! [Child][PContentChild] Error: Send(msgname=PContent::Msg_ScriptError) Channel closing: too late to send/recv, messages will be lost


###!!! [Child][PContentChild] Error: Send(msgname=PNecko::Msg_PredLearn) Channel closing: too late to send/recv, messages will be lost


###!!! [Child][PContentChild] Error: Send(msgname=PContent::Msg_ScriptError) Channel closing: too late to send/recv, messages will be lost


###!!! [Child][PContentChild] Error: Send(msgname=PContent::Msg_ScriptError) Channel closing: too late to send/recv, messages will be lost


###!!! [Child][PContentChild] Error: Send(msgname=PContent::Msg_ScriptError) Channel closing: too late to send/recv, messages will be lost


###!!! [Child][PContentChild] Error: RunMessage(msgname=PHttpChannel::Msg_DeleteSelf) Channel closing: too late to send/recv, messages will be lost


###!!! [Child][PContentChild] Error: Send(msgname=PBrowser::Msg___delete__) Channel closing: too late to send/recv, messages will be lost


###!!! [Parent][PContentParent] Error: Send(msgname=PContent::Msg_DestroyBrowsingContextGroup) Closed channel: cannot send/recv


###!!! [Parent][PContentParent] Error: Send(msgname=PContent::Msg_DestroyBrowsingContextGroup) Closed channel: cannot send/recv


###!!! [Parent][PContentParent] Error: Send(msgname=PContent::Msg_DestroyBrowsingContextGroup) Closed channel: cannot send/recv

JavaScript error: resource://gre/modules/Sqlite.jsm, line 1105: Error: Sqlite.jsm has been shutdown. Cannot open connection to: C:\Users\abdie\AppData\Local\Temp\rust_mozprofile57ooKc\protections.sqlite
1652749480451	geckodriver	INFO	Listening on 127.0.0.1:56932
1652749483513	mozrunner::runner	INFO	Running command: "C:\\Program Files\\Mozilla Firefox\\firefox.exe" "--marionette" "-no-remote" "-profile" "C:\\Users\\abdie\\AppData\\Local\\Temp\\rust_mozprofilecPS4dZ"
1652749483739	Marionette	INFO	Marionette enabled
console.warn: SearchSettings: "get: No settings file exists, new profile?" (new NotFoundError("Could not open the file at C:\\Users\\abdie\\AppData\\Local\\Temp\\rust_mozprofilecPS4dZ\\search.json.mozlz4", (void 0)))
1652749485316	Marionette	INFO	Listening on port 56963
Read port: 56963
1652749485383	RemoteAgent	WARN	TLS certificate errors will be ignored for this session
console.warn: LoginRecipes: "getRecipes: falling back to a synchronous message for:" "https://qa-task.backbasecloud.com"
1652749488665	Marionette	INFO	Stopped listening on port 56963
1652749578569	geckodriver	INFO	Listening on 127.0.0.1:58359
1652749581637	mozrunner::runner	INFO	Running command: "C:\\Program Files\\Mozilla Firefox\\firefox.exe" "--marionette" "-no-remote" "-profile" "C:\\Users\\abdie\\AppData\\Local\\Temp\\rust_mozprofile4oGxxD"
1652749581864	Marionette	INFO	Marionette enabled
console.warn: SearchSettings: "get: No settings file exists, new profile?" (new NotFoundError("Could not open the file at C:\\Users\\abdie\\AppData\\Local\\Temp\\rust_mozprofile4oGxxD\\search.json.mozlz4", (void 0)))
1652749583487	Marionette	INFO	Listening on port 58383
Read port: 58383
1652749583524	RemoteAgent	WARN	TLS certificate errors will be ignored for this session
console.warn: LoginRecipes: "getRecipes: falling back to a synchronous message for:" "https://qa-task.backbasecloud.com"
1652749587142	Marionette	INFO	Stopped listening on port 58383

###!!! [Parent][PGPUParent] Error: RunMessage(msgname=PGPU::Msg_ShutdownVR) Channel closing: too late to send/recv, messages will be lost

1652749609826	geckodriver	INFO	Listening on 127.0.0.1:58425
1652749612908	mozrunner::runner	INFO	Running command: "C:\\Program Files\\Mozilla Firefox\\firefox.exe" "--marionette" "-no-remote" "-profile" "C:\\Users\\abdie\\AppData\\Local\\Temp\\rust_mozprofilepWj2Yq"
1652749613133	Marionette	INFO	Marionette enabled
console.warn: SearchSettings: "get: No settings file exists, new profile?" (new NotFoundError("Could not open the file at C:\\Users\\abdie\\AppData\\Local\\Temp\\rust_mozprofilepWj2Yq\\search.json.mozlz4", (void 0)))
1652749614738	Marionette	INFO	Listening on port 58450
Read port: 58450
1652749614783	RemoteAgent	WARN	TLS certificate errors will be ignored for this session
console.warn: LoginRecipes: "getRecipes: falling back to a synchronous message for:" "https://qa-task.backbasecloud.com"
console.warn: LoginRecipes: "getRecipes: falling back to a synchronous message for:" "https://qa-task.backbasecloud.com"
JavaScript error: resource://gre/modules/LoginManagerParent.jsm, line 136: TypeError: gRecipeManager is null
1652749629184	Marionette	INFO	Stopped listening on port 58450

###!!! [Parent][PGPUParent] Error: RunMessage(msgname=PGPU::Msg_ShutdownVR) Channel closing: too late to send/recv, messages will be lost

1652749735610	geckodriver	INFO	Listening on 127.0.0.1:58495
1652749738657	mozrunner::runner	INFO	Running command: "C:\\Program Files\\Mozilla Firefox\\firefox.exe" "--marionette" "-no-remote" "-profile" "C:\\Users\\abdie\\AppData\\Local\\Temp\\rust_mozprofileEwYAk0"
1652749738905	Marionette	INFO	Marionette enabled
console.warn: SearchSettings: "get: No settings file exists, new profile?" (new NotFoundError("Could not open the file at C:\\Users\\abdie\\AppData\\Local\\Temp\\rust_mozprofileEwYAk0\\search.json.mozlz4", (void 0)))
1652749740545	Marionette	INFO	Listening on port 58522
Read port: 58522
1652749740634	RemoteAgent	WARN	TLS certificate errors will be ignored for this session
console.warn: LoginRecipes: "getRecipes: falling back to a synchronous message for:" "https://qa-task.backbasecloud.com"
console.warn: LoginRecipes: "getRecipes: falling back to a synchronous message for:" "https://qa-task.backbasecloud.com"
JavaScript error: resource://gre/modules/LoginManagerParent.jsm, line 136: TypeError: gRecipeManager is null
console.warn: LoginRecipes: "getRecipes: falling back to a synchronous message for:" "https://qa-task.backbasecloud.com"
JavaScript error: resource://gre/modules/LoginManagerParent.jsm, line 136: TypeError: gRecipeManager is null
1652749765446	Marionette	INFO	Stopped listening on port 58522

###!!! [Parent][PGPUParent] Error: RunMessage(msgname=PGPU::Msg_ShutdownVR) Channel closing: too late to send/recv, messages will be lost

1652750431692	geckodriver	INFO	Listening on 127.0.0.1:58587
1652750434765	mozrunner::runner	INFO	Running command: "C:\\Program Files\\Mozilla Firefox\\firefox.exe" "--marionette" "-no-remote" "-profile" "C:\\Users\\abdie\\AppData\\Local\\Temp\\rust_mozprofilecmxZnd"
1652750434992	Marionette	INFO	Marionette enabled
console.warn: SearchSettings: "get: No settings file exists, new profile?" (new NotFoundError("Could not open the file at C:\\Users\\abdie\\AppData\\Local\\Temp\\rust_mozprofilecmxZnd\\search.json.mozlz4", (void 0)))
1652750436699	Marionette	INFO	Listening on port 58611
Read port: 58611
1652750436756	RemoteAgent	WARN	TLS certificate errors will be ignored for this session
1652750439333	Marionette	INFO	Stopped listening on port 58611

###!!! [Child][PContentChild] Error: Send(msgname=PHttpChannel::Msg_DeletingChannel) Channel closing: too late to send/recv, messages will be lost


###!!! [Parent][PContentParent] Error: Send(msgname=PContent::Msg_DestroyBrowsingContextGroup) Closed channel: cannot send/recv


###!!! [Child][PContentChild] Error: Send(msgname=PNecko::Msg_PredLearn) Channel closing: too late to send/recv, messages will be lost


###!!! [Child][PContentChild] Error: RunMessage(msgname=PHttpChannel::Msg_FailedAsyncOpen) Channel closing: too late to send/recv, messages will be lost


###!!! [Child][PContentChild] Error: RunMessage(msgname=PContent::Reply_DiscardBrowsingContext) Channel closing: too late to send/recv, messages will be lost


###!!! [Child][PContentChild] Error: RunMessage(msgname=PContent::Reply_DiscardBrowsingContext) Channel closing: too late to send/recv, messages will be lost


###!!! [Child][PContentChild] Error: RunMessage(msgname=PHttpChannel::Msg_FailedAsyncOpen) Channel closing: too late to send/recv, messages will be lost


###!!! [Child][PContentChild] Error: RunMessage(msgname=PHttpChannel::Msg_FailedAsyncOpen) Channel closing: too late to send/recv, messages will be lost


###!!! [Child][PContentChild] Error: RunMessage(msgname=PHttpChannel::Msg_FailedAsyncOpen) Channel closing: too late to send/recv, messages will be lost


###!!! [Child][PContentChild] Error: RunMessage(msgname=PHttpChannel::Msg_FailedAsyncOpen) Channel closing: too late to send/recv, messages will be lost


###!!! [Child][PContentChild] Error: RunMessage(msgname=PContent::Reply_DiscardBrowsingContext) Channel closing: too late to send/recv, messages will be lost


###!!! [Child][PContentChild] Error: RunMessage(msgname=PHttpChannel::Msg_DeleteSelf) Channel closing: too late to send/recv, messages will be lost


###!!! [Child][PContentChild] Error: Send(msgname=PNecko::Msg_RemoveRequestContext) Channel closing: too late to send/recv, messages will be lost


###!!! [Child][PContentChild] Error: Send(msgname=PNecko::Msg_RemoveRequestContext) Channel closing: too late to send/recv, messages will be lost


###!!! [Child][PContentChild] Error: Send(msgname=PContent::Msg_ScriptError) Channel closing: too late to send/recv, messages will be lost


###!!! [Child][PContentChild] Error: Send(msgname=PNecko::Msg_PredLearn) Channel closing: too late to send/recv, messages will be lost


###!!! [Child][PContentChild] Error: Send(msgname=PContent::Msg_ScriptError) Channel closing: too late to send/recv, messages will be lost


###!!! [Child][PContentChild] Error: Send(msgname=PContent::Msg_ScriptError) Channel closing: too late to send/recv, messages will be lost


###!!! [Child][PContentChild] Error: Send(msgname=PContent::Msg_ScriptError) Channel closing: too late to send/recv, messages will be lost


###!!! [Parent][PContentParent] Error: Send(msgname=PContent::Msg_DestroyBrowsingContextGroup) Closed channel: cannot send/recv


###!!! [Parent][PContentParent] Error: Send(msgname=PContent::Msg_DestroyBrowsingContextGroup) Closed channel: cannot send/recv

JavaScript error: resource://gre/modules/Sqlite.jsm, line 1105: Error: Sqlite.jsm has been shutdown. Cannot open connection to: C:\Users\abdie\AppData\Local\Temp\rust_mozprofilecmxZnd\protections.sqlite
1652750439922	geckodriver	INFO	Listening on 127.0.0.1:58650
1652750442991	mozrunner::runner	INFO	Running command: "C:\\Program Files\\Mozilla Firefox\\firefox.exe" "--marionette" "-no-remote" "-profile" "C:\\Users\\abdie\\AppData\\Local\\Temp\\rust_mozprofile9ceTZh"
1652750443227	Marionette	INFO	Marionette enabled
console.warn: SearchSettings: "get: No settings file exists, new profile?" (new NotFoundError("Could not open the file at C:\\Users\\abdie\\AppData\\Local\\Temp\\rust_mozprofile9ceTZh\\search.json.mozlz4", (void 0)))
1652750444807	Marionette	INFO	Listening on port 58675
Read port: 58675
1652750444862	RemoteAgent	WARN	TLS certificate errors will be ignored for this session
1652750445594	Marionette	INFO	Stopped listening on port 58675
console.error: services.settings: 
  main/partitioning-exempt-urls Signature failed  TypeError: NetworkError: Network request failed
JavaScript error: resource://gre/modules/CrashMonitor.jsm, line 201: AbortError: IOUtils: Shutting down and refusing additional I/O tasks

###!!! [Parent][PGPUParent] Error: RunMessage(msgname=PGPU::Msg_ShutdownVR) Channel closing: too late to send/recv, messages will be lost

1652750446066	geckodriver	INFO	Listening on 127.0.0.1:58703
1652750449136	mozrunner::runner	INFO	Running command: "C:\\Program Files\\Mozilla Firefox\\firefox.exe" "--marionette" "-no-remote" "-profile" "C:\\Users\\abdie\\AppData\\Local\\Temp\\rust_mozprofileaKgeFP"
1652750449365	Marionette	INFO	Marionette enabled
console.warn: SearchSettings: "get: No settings file exists, new profile?" (new NotFoundError("Could not open the file at C:\\Users\\abdie\\AppData\\Local\\Temp\\rust_mozprofileaKgeFP\\search.json.mozlz4", (void 0)))
1652750450967	Marionette	INFO	Listening on port 58728
Read port: 58728
1652750451018	RemoteAgent	WARN	TLS certificate errors will be ignored for this session
console.warn: LoginRecipes: "getRecipes: falling back to a synchronous message for:" "https://qa-task.backbasecloud.com"
console.warn: LoginRecipes: "getRecipes: falling back to a synchronous message for:" "https://qa-task.backbasecloud.com"
JavaScript error: resource://gre/modules/LoginManagerParent.jsm, line 136: TypeError: gRecipeManager is null
console.warn: LoginRecipes: "getRecipes: falling back to a synchronous message for:" "https://qa-task.backbasecloud.com"
JavaScript error: resource://gre/modules/LoginManagerParent.jsm, line 136: TypeError: gRecipeManager is null
1652750456372	Marionette	INFO	Stopped listening on port 58728

###!!! [Parent][PGPUParent] Error: RunMessage(msgname=PGPU::Msg_ShutdownVR) Channel closing: too late to send/recv, messages will be lost

1652753312445	geckodriver	INFO	Listening on 127.0.0.1:60162
1652753315514	mozrunner::runner	INFO	Running command: "C:\\Program Files\\Mozilla Firefox\\firefox.exe" "--marionette" "-no-remote" "-profile" "C:\\Users\\abdie\\AppData\\Local\\Temp\\rust_mozprofileUI3rUy"
1652753315743	Marionette	INFO	Marionette enabled
console.warn: SearchSettings: "get: No settings file exists, new profile?" (new NotFoundError("Could not open the file at C:\\Users\\abdie\\AppData\\Local\\Temp\\rust_mozprofileUI3rUy\\search.json.mozlz4", (void 0)))
1652753317387	Marionette	INFO	Listening on port 60188
Read port: 60188
1652753317466	RemoteAgent	WARN	TLS certificate errors will be ignored for this session
1652753368108	Marionette	INFO	Stopped listening on port 60188

###!!! [Parent][PGPUParent] Error: RunMessage(msgname=PGPU::Msg_ShutdownVR) Channel closing: too late to send/recv, messages will be lost

\\Users\\abdie\\AppData\\Local\\Temp\\rust_mozprofile1uG2DZ"
1652753321527	Marionette	INFO	Marionette enabled
console.warn: SearchSettings: "get: No settings file exists, new profile?" (new NotFoundError("Could not open the file at C:\\Users\\abdie\\AppData\\Local\\Temp\\rust_mozprofile1uG2DZ\\search.json.mozlz4", (void 0)))
1652753323150	Marionette	INFO	Listening on port 60245
Read port: 60245
1652753323259	RemoteAgent	WARN	TLS certificate errors will be ignored for this session
1652753366840	Marionette	INFO	Stopped listening on port 60245

###!!! [Parent][PGPUParent] Error: RunMessage(msgname=PGPU::Msg_ShutdownVR) Channel closing: too late to send/recv, messages will be lost

\\Users\\abdie\\AppData\\Local\\Temp\\rust_mozprofileBKSkjc"
1652753327230	Marionette	INFO	Marionette enabled
console.warn: SearchSettings: "get: No settings file exists, new profile?" (new NotFoundError("Could not open the file at C:\\Users\\abdie\\AppData\\Local\\Temp\\rust_mozprofileBKSkjc\\search.json.mozlz4", (void 0)))
1652753328891	Marionette	INFO	Listening on port 60300
Read port: 60300
1652753328972	RemoteAgent	WARN	TLS certificate errors will be ignored for this session
1652753365356	Marionette	INFO	Stopped listening on port 60300

###!!! [Parent][PGPUParent] Error: RunMessage(msgname=PGPU::Msg_ShutdownVR) Channel closing: too late to send/recv, messages will be lost

1652753375271	geckodriver	INFO	Listening on 127.0.0.1:60341
1652753378319	mozrunner::runner	INFO	Running command: "C:\\Program Files\\Mozilla Firefox\\firefox.exe" "--marionette" "-no-remote" "-profile" "C:\\Users\\abdie\\AppData\\Local\\Temp\\rust_mozprofile6td2fi"
1652753378549	Marionette	INFO	Marionette enabled
console.warn: SearchSettings: "get: No settings file exists, new profile?" (new NotFoundError("Could not open the file at C:\\Users\\abdie\\AppData\\Local\\Temp\\rust_mozprofile6td2fi\\search.json.mozlz4", (void 0)))
1652753380151	Marionette	INFO	Listening on port 60367
Read port: 60367
1652753380191	RemoteAgent	WARN	TLS certificate errors will be ignored for this session
1652753382812	Marionette	INFO	Stopped listening on port 60367

###!!! [Child][PContentChild] Error: RunMessage(msgname=PContent::Reply_DiscardBrowsingContext) Channel closing: too late to send/recv, messages will be lost


###!!! [Child][PContentChild] Error: RunMessage(msgname=PHttpChannel::Msg_DeleteSelf) Channel closing: too late to send/recv, messages will be lost


###!!! [Child][PContentChild] Error: Send(msgname=PBrowser::Msg___delete__) Channel closing: too late to send/recv, messages will be lost


###!!! [Parent][PContentParent] Error: Send(msgname=PContent::Msg_DestroyBrowsingContextGroup) Closed channel: cannot send/recv


###!!! [Child][PContentChild] Error: Send(msgname=PBrowser::Msg___delete__) Channel closing: too late to send/recv, messages will be lost


###!!! [Child][PContentChild] Error: Send(msgname=PBrowser::Msg___delete__) Channel closing: too late to send/recv, messages will be lost


###!!! [Parent][PContentParent] Error: Send(msgname=PContent::Msg_DestroyBrowsingContextGroup) Closed channel: cannot send/recv


###!!! [Parent][PContentParent] Error: Send(msgname=PContent::Msg_DestroyBrowsingContextGroup) Closed channel: cannot send/recv

JavaScript error: resource://gre/modules/Sqlite.jsm, line 1105: Error: Sqlite.jsm has been shutdown. Cannot open connection to: C:\Users\abdie\AppData\Local\Temp\rust_mozprofile6td2fi\protections.sqlite

###!!! [Parent][PGPUParent] Error: RunMessage(msgname=PGPU::Msg_ShutdownVR) Channel closing: too late to send/recv, messages will be lost

1652753383386	geckodriver	INFO	Listening on 127.0.0.1:60403
1652753386439	mozrunner::runner	INFO	Running command: "C:\\Program Files\\Mozilla Firefox\\firefox.exe" "--marionette" "-no-remote" "-profile" "C:\\Users\\abdie\\AppData\\Local\\Temp\\rust_mozprofilebh3z4U"
1652753386669	Marionette	INFO	Marionette enabled
console.warn: SearchSettings: "get: No settings file exists, new profile?" (new NotFoundError("Could not open the file at C:\\Users\\abdie\\AppData\\Local\\Temp\\rust_mozprofilebh3z4U\\search.json.mozlz4", (void 0)))
1652753388550	Marionette	INFO	Listening on port 60429
Read port: 60429
1652753388616	RemoteAgent	WARN	TLS certificate errors will be ignored for this session
1652753389860	Marionette	INFO	Stopped listening on port 60429
JavaScript error: resource://gre/modules/UrlClassifierListManager.jsm, line 691: TypeError: this.tablesData[table] is undefined
1652753390305	geckodriver	INFO	Listening on 127.0.0.1:60458
1652753393368	mozrunner::runner	INFO	Running command: "C:\\Program Files\\Mozilla Firefox\\firefox.exe" "--marionette" "-no-remote" "-profile" "C:\\Users\\abdie\\AppData\\Local\\Temp\\rust_mozprofileEK08St"
1652753393594	Marionette	INFO	Marionette enabled
console.warn: SearchSettings: "get: No settings file exists, new profile?" (new NotFoundError("Could not open the file at C:\\Users\\abdie\\AppData\\Local\\Temp\\rust_mozprofileEK08St\\search.json.mozlz4", (void 0)))
1652753395253	Marionette	INFO	Listening on port 60484
Read port: 60484
1652753395349	RemoteAgent	WARN	TLS certificate errors will be ignored for this session
console.warn: LoginRecipes: "getRecipes: falling back to a synchronous message for:" "https://qa-task.backbasecloud.com"
console.warn: LoginRecipes: "getRecipes: falling back to a synchronous message for:" "https://qa-task.backbasecloud.com"
JavaScript error: resource://gre/modules/LoginManagerParent.jsm, line 136: TypeError: gRecipeManager is null
console.warn: LoginRecipes: "getRecipes: falling back to a synchronous message for:" "https://qa-task.backbasecloud.com"
JavaScript error: resource://gre/modules/LoginManagerParent.jsm, line 136: TypeError: gRecipeManager is null
1652753400796	Marionette	INFO	Stopped listening on port 60484

###!!! [Parent][PContentParent] Error: Send(msgname=PContent::Msg_DestroyBrowsingContextGroup) Closed channel: cannot send/recv


###!!! [Parent][PGPUParent] Error: RunMessage(msgname=PGPU::Msg_ShutdownVR) Channel closing: too late to send/recv, messages will be lost

